Arguments: 
  /usr/bin/nodejs /usr/bin/yarn add socket.io-client

PATH: 
  /usr/local/sbin:/usr/local/bin:/usr/sbin:/usr/bin:/sbin:/bin:/usr/games:/usr/local/games:/snap/bin

Yarn version: 
  0.23.4

Node version: 
  6.10.3

Platform: 
  linux x64

npm manifest: 
  {
    "private": true,
    "scripts": {
      "dev": "npm run development",
      "development": "cross-env NODE_ENV=development node_modules/webpack/bin/webpack.js --progress --hide-modules --config=node_modules/laravel-mix/setup/webpack.config.js",
      "watch": "cross-env NODE_ENV=development node_modules/webpack/bin/webpack.js --watch --progress --hide-modules --config=node_modules/laravel-mix/setup/webpack.config.js",
      "watch-poll": "npm run watch -- --watch-poll",
      "hot": "cross-env NODE_ENV=development node_modules/webpack-dev-server/bin/webpack-dev-server.js --inline --hot --config=node_modules/laravel-mix/setup/webpack.config.js",
      "prod": "npm run production",
      "production": "cross-env NODE_ENV=production node_modules/webpack/bin/webpack.js --progress --hide-modules --config=node_modules/laravel-mix/setup/webpack.config.js"
    },
    "devDependencies": {
      "axios": "^0.15.3",
      "bootstrap-sass": "^3.3.7",
      "cross-env": "^3.2.3",
      "gulp": "^3.9.1",
      "jquery": "^3.1.1",
      "laravel-elixir-webpack-official": "^1.0.10",
      "laravel-mix": "0.*",
      "lodash": "^4.17.4",
      "vue": "^2.1.10"
    },
    "dependencies": {
      "express": "^4.15.4",
      "ioredis": "^3.1.4",
      "laravel-echo": "^1.3.0",
      "pusher-js": "^4.1.0",
      "socket.io": "^2.0.3"
    }
  }

yarn manifest: 
  No manifest

Lockfile: 
  No lockfile

Trace: 
  Error: EACCES: permission denied, mkdir '/home/forge/Altpocket.io/node_modules/enhanced-resolve/node_modules/memory-fs'
      at Error (native)
